<?xml version="1.0" encoding="UTF-8"?>
<!-- Generated by org.testng.reporters.JUnitReportReporter -->
<testsuite hostname="DESKTOP-B6NN9JJ" failures="0" tests="1" name="mandatoryHomeWork.selenium.Salesforce.WorkType.TC002_EditWorkTypeNegative" time="39.834" errors="0" timestamp="2023-08-30T23:03:51 IST" skipped="0">
  <testcase classname="mandatoryHomeWork.selenium.Salesforce.WorkType.TC002_EditWorkTypeNegative" name="tc002_EditWorkType" time="39.834"/>
</testsuite> <!-- mandatoryHomeWork.selenium.Salesforce.WorkType.TC002_EditWorkTypeNegative -->
