<?xml version="1.0" encoding="UTF-8"?>
<!-- Generated by org.testng.reporters.JUnitReportReporter -->
<testsuite hostname="DESKTOP-B6NN9JJ" failures="0" tests="8" name="mandatoryHomeWork.mentorHomeWork.api.pojo.Tc_PojoChaining" time="17.887" errors="0" timestamp="2023-09-01T20:15:18 IST" skipped="0">
  <testcase classname="mandatoryHomeWork.mentorHomeWork.api.pojo.Tc_PojoChaining" name="pingCheckMethod" time="3.505"/>
  <testcase classname="mandatoryHomeWork.mentorHomeWork.api.pojo.Tc_PojoChaining" name="authCreation" time="2.542"/>
  <testcase classname="mandatoryHomeWork.mentorHomeWork.api.pojo.Tc_PojoChaining" name="createBooking" time="1.899"/>
  <testcase classname="mandatoryHomeWork.mentorHomeWork.api.pojo.Tc_PojoChaining" name="getBooking" time="2.027"/>
  <testcase classname="mandatoryHomeWork.mentorHomeWork.api.pojo.Tc_PojoChaining" name="updateBooking" time="1.857"/>
  <testcase classname="mandatoryHomeWork.mentorHomeWork.api.pojo.Tc_PojoChaining" name="getBookingFilterID" time="1.826"/>
  <testcase classname="mandatoryHomeWork.mentorHomeWork.api.pojo.Tc_PojoChaining" name="deleteBooking" time="1.976"/>
  <testcase classname="mandatoryHomeWork.mentorHomeWork.api.pojo.Tc_PojoChaining" name="verifyDeleteBooking" time="2.255"/>
</testsuite> <!-- mandatoryHomeWork.mentorHomeWork.api.pojo.Tc_PojoChaining -->
