<?xml version="1.0" encoding="UTF-8"?>
<!-- Generated by org.testng.reporters.JUnitReportReporter -->
<testsuite hostname="DESKTOP-B6NN9JJ" failures="0" tests="1" name="mandatoryHomeWork.mentorHomeWork.api.restfullBookingChaining.UpdateBooking_Restful_Booking" time="1.406" errors="0" timestamp="2023-08-25T20:04:51 IST" skipped="0">
  <testcase classname="mandatoryHomeWork.mentorHomeWork.api.restfullBookingChaining.UpdateBooking_Restful_Booking" name="updateBooking" time="1.406"/>
</testsuite> <!-- mandatoryHomeWork.mentorHomeWork.api.restfullBookingChaining.UpdateBooking_Restful_Booking -->
