<?xml version="1.0" encoding="UTF-8"?>
<!-- Generated by org.testng.reporters.JUnitReportReporter -->
<testsuite hostname="DESKTOP-B6NN9JJ" failures="0" tests="1" name="mandatoryHomeWork.selenium.Salesforce.TC004_CreateCaseWithoutMandate" time="32.122" errors="0" timestamp="2023-08-30T00:03:53 IST" skipped="0">
  <testcase classname="mandatoryHomeWork.selenium.Salesforce.TC004_CreateCaseWithoutMandate" name="tc001_CreateNewCase" time="32.122"/>
</testsuite> <!-- mandatoryHomeWork.selenium.Salesforce.TC004_CreateCaseWithoutMandate -->
