<?xml version="1.0" encoding="UTF-8"?>
<!-- Generated by org.testng.reporters.JUnitReportReporter -->
<testsuite hostname="DESKTOP-B6NN9JJ" failures="0" tests="1" name="mandatoryHomeWork.mentorHomeWork.api.restfullBookingChaining.AuthCreation_Restful_Booking" time="3.386" errors="0" timestamp="2023-08-18T15:54:44 IST" skipped="0">
  <testcase classname="mandatoryHomeWork.mentorHomeWork.api.restfullBookingChaining.AuthCreation_Restful_Booking" name="authCreation" time="3.386"/>
</testsuite> <!-- mandatoryHomeWork.mentorHomeWork.api.restfullBookingChaining.AuthCreation_Restful_Booking -->
