<?xml version="1.0" encoding="UTF-8"?>
<!-- Generated by org.testng.reporters.JUnitReportReporter -->
<testsuite hostname="DESKTOP-B6NN9JJ" failures="0" tests="1" name="mandatoryHomeWork.selenium.Salesforce.WorkType.TC001_NewWorkType" time="91.025" errors="0" timestamp="2023-08-30T22:34:05 IST" skipped="0">
  <testcase classname="mandatoryHomeWork.selenium.Salesforce.WorkType.TC001_NewWorkType" name="tc001_NewWorkType" time="91.025"/>
</testsuite> <!-- mandatoryHomeWork.selenium.Salesforce.WorkType.TC001_NewWorkType -->
