<?xml version="1.0" encoding="UTF-8"?>
<!-- Generated by org.testng.reporters.JUnitReportReporter -->
<testsuite hostname="DESKTOP-B6NN9JJ" failures="0" tests="1" name="mandatoryHomeWork.mentorHomeWork.api.restfullBooking.Pojo.CreateBooking_Restful_Booking" time="3.115" errors="0" timestamp="2023-08-25T20:05:38 IST" skipped="0">
  <testcase classname="mandatoryHomeWork.mentorHomeWork.api.restfullBooking.Pojo.CreateBooking_Restful_Booking" name="createBooking" time="3.115"/>
</testsuite> <!-- mandatoryHomeWork.mentorHomeWork.api.restfullBooking.Pojo.CreateBooking_Restful_Booking -->
