<?xml version="1.0" encoding="UTF-8"?>
<!-- Generated by org.testng.reporters.JUnitReportReporter -->
<testsuite hostname="DESKTOP-B6NN9JJ" failures="0" tests="1" name="mandatoryHomeWork.selenium.Day9_ExplicitWait" time="16.074" errors="0" timestamp="2023-08-31T00:18:22 IST" skipped="0">
  <testcase classname="mandatoryHomeWork.selenium.Day9_ExplicitWait" name="windowsLearning" time="16.074"/>
</testsuite> <!-- mandatoryHomeWork.selenium.Day9_ExplicitWait -->
