<?xml version="1.0" encoding="UTF-8"?>
<!-- Generated by org.testng.reporters.JUnitReportReporter -->
<testsuite hostname="DESKTOP-B6NN9JJ" failures="0" tests="1" name="mandatoryHomeWork.mentorHomeWork.api.restfullBooking.Pojo.AuthCreation_Restful_Booking" time="1.925" errors="0" timestamp="2023-08-29T19:40:57 IST" skipped="0">
  <testcase classname="mandatoryHomeWork.mentorHomeWork.api.restfullBooking.Pojo.AuthCreation_Restful_Booking" name="authCreation" time="1.925"/>
</testsuite> <!-- mandatoryHomeWork.mentorHomeWork.api.restfullBooking.Pojo.AuthCreation_Restful_Booking -->
