<?xml version="1.0" encoding="UTF-8"?>
<!-- Generated by org.testng.reporters.JUnitReportReporter -->
<testsuite hostname="DESKTOP-B6NN9JJ" failures="0" tests="1" name="mandatoryHomeWork.mentorHomeWork.api.restfullBooking.Pojo.PingCheck" time="3.922" errors="0" timestamp="2023-08-29T15:02:08 IST" skipped="0">
  <testcase classname="mandatoryHomeWork.mentorHomeWork.api.restfullBooking.Pojo.PingCheck" name="pingCheckMethod" time="3.922"/>
</testsuite> <!-- mandatoryHomeWork.mentorHomeWork.api.restfullBooking.Pojo.PingCheck -->
