<?xml version="1.0" encoding="UTF-8"?>
<!-- Generated by org.testng.reporters.JUnitReportReporter -->
<testsuite hostname="DESKTOP-B6NN9JJ" failures="0" tests="1" name="mandatoryHomeWork.selenium.Day2_CreateNewDashBoard" time="40.495" errors="0" timestamp="2023-08-21T00:27:22 IST" skipped="0">
  <testcase classname="mandatoryHomeWork.selenium.Day2_CreateNewDashBoard" name="createDashboard" time="40.495"/>
</testsuite> <!-- mandatoryHomeWork.selenium.Day2_CreateNewDashBoard -->
