<?xml version="1.0" encoding="UTF-8"?>
<!-- Generated by org.testng.reporters.JUnitReportReporter -->
<testsuite hostname="DESKTOP-B6NN9JJ" failures="0" tests="1" name="mandatoryHomeWork.mentorHomeWork.api.pojo.UserCreateWithArray_pojo_Imp" time="7.809" errors="0" timestamp="2023-08-18T21:25:50 IST" skipped="0">
  <testcase classname="mandatoryHomeWork.mentorHomeWork.api.pojo.UserCreateWithArray_pojo_Imp" name="createUserFrom_pojoClass" time="7.809"/>
</testsuite> <!-- mandatoryHomeWork.mentorHomeWork.api.pojo.UserCreateWithArray_pojo_Imp -->
