<?xml version="1.0" encoding="UTF-8"?>
<!-- Generated by org.testng.reporters.JUnitReportReporter -->
<testsuite hostname="DESKTOP-B6NN9JJ" failures="0" tests="1" name="mandatoryHomeWork.selenium.Day2_CreateNewDashBoard" time="54.125" errors="0" timestamp="2023-08-18T13:30:29 IST" skipped="0">
  <testcase classname="mandatoryHomeWork.selenium.Day2_CreateNewDashBoard" name="createDashboard" time="54.125"/>
</testsuite> <!-- mandatoryHomeWork.selenium.Day2_CreateNewDashBoard -->
