<?xml version="1.0" encoding="UTF-8"?>
<!-- Generated by org.testng.reporters.JUnitReportReporter -->
<testsuite hostname="DESKTOP-B6NN9JJ" failures="0" tests="1" name="mandatoryHomeWork.selenium.Day4_Chatter_Tab" time="94.944" errors="0" timestamp="2023-08-23T17:41:04 IST" skipped="0">
  <testcase classname="mandatoryHomeWork.selenium.Day4_Chatter_Tab" name="createChatter" time="94.944"/>
</testsuite> <!-- mandatoryHomeWork.selenium.Day4_Chatter_Tab -->
