<?xml version="1.0" encoding="UTF-8"?>
<!-- Generated by org.testng.reporters.JUnitReportReporter -->
<testsuite hostname="DESKTOP-B6NN9JJ" failures="0" tests="1" name="mandatoryHomeWork.selenium.Day3_CreateCampaign" time="43.513" errors="0" timestamp="2023-08-23T16:41:18 IST" skipped="0">
  <testcase classname="mandatoryHomeWork.selenium.Day3_CreateCampaign" name="createChatter" time="43.513"/>
</testsuite> <!-- mandatoryHomeWork.selenium.Day3_CreateCampaign -->
