<?xml version="1.0" encoding="UTF-8"?>
<!-- Generated by org.testng.reporters.JUnitReportReporter -->
<testsuite hostname="DESKTOP-B6NN9JJ" failures="0" tests="1" name="mandatoryHomeWork.selenium.Salesforce.TC001_CreateNewCase" time="29.111" errors="0" timestamp="2023-08-29T00:34:24 IST" skipped="0">
  <testcase classname="mandatoryHomeWork.selenium.Salesforce.TC001_CreateNewCase" name="tc001_CreateNewCase" time="29.111"/>
</testsuite> <!-- mandatoryHomeWork.selenium.Salesforce.TC001_CreateNewCase -->
