<?xml version="1.0" encoding="UTF-8"?>
<!-- Generated by org.testng.reporters.JUnitReportReporter -->
<testsuite hostname="DESKTOP-B6NN9JJ" failures="0" tests="1" name="mandatoryHomeWork.selenium.Salesforce.WorkType.TC003_EditWorkTypePositive" time="36.106" errors="0" timestamp="2023-08-30T23:13:23 IST" skipped="0">
  <testcase classname="mandatoryHomeWork.selenium.Salesforce.WorkType.TC003_EditWorkTypePositive" name="tc002_EditWorkTypePositive" time="36.106"/>
</testsuite> <!-- mandatoryHomeWork.selenium.Salesforce.WorkType.TC003_EditWorkTypePositive -->
