<?xml version="1.0" encoding="UTF-8"?>
<!-- Generated by org.testng.reporters.JUnitReportReporter -->
<testsuite hostname="DESKTOP-B6NN9JJ" failures="0" tests="1" name="mandatoryHomeWork.selenium.Day7_Windows" time="97.791" errors="0" timestamp="2023-08-30T23:36:42 IST" skipped="0">
  <testcase classname="mandatoryHomeWork.selenium.Day7_Windows" name="windowsLearning" time="97.791"/>
</testsuite> <!-- mandatoryHomeWork.selenium.Day7_Windows -->
