<?xml version="1.0" encoding="UTF-8"?>
<!-- Generated by org.testng.reporters.JUnitReportReporter -->
<testsuite hostname="DESKTOP-B6NN9JJ" failures="0" tests="1" name="mandatoryHomeWork.selenium.Salesforce.TC003_DeleteCase" time="78.094" errors="0" timestamp="2023-08-29T00:36:33 IST" skipped="0">
  <testcase classname="mandatoryHomeWork.selenium.Salesforce.TC003_DeleteCase" name="tc003_DeleteCase" time="78.094"/>
</testsuite> <!-- mandatoryHomeWork.selenium.Salesforce.TC003_DeleteCase -->
