<?xml version="1.0" encoding="UTF-8"?>
<!-- Generated by org.testng.reporters.JUnitReportReporter -->
<testsuite hostname="DESKTOP-B6NN9JJ" failures="0" tests="1" name="mandatoryHomeWork.selenium.Salesforce.WorkType.TC004_DeleteWorkType" time="38.745" errors="0" timestamp="2023-08-30T23:17:20 IST" skipped="0">
  <testcase classname="mandatoryHomeWork.selenium.Salesforce.WorkType.TC004_DeleteWorkType" name="tc004_DeleteWorkType" time="38.745"/>
</testsuite> <!-- mandatoryHomeWork.selenium.Salesforce.WorkType.TC004_DeleteWorkType -->
