<?xml version="1.0" encoding="UTF-8"?>
<!-- Generated by org.testng.reporters.JUnitReportReporter -->
<testsuite hostname="DESKTOP-B6NN9JJ" failures="0" tests="1" name="mandatoryHomeWork.selenium.Day8_ActionClass" time="12.522" errors="0" timestamp="2023-08-31T00:04:06 IST" skipped="0">
  <testcase classname="mandatoryHomeWork.selenium.Day8_ActionClass" name="selectable" time="12.522"/>
</testsuite> <!-- mandatoryHomeWork.selenium.Day8_ActionClass -->
