<?xml version="1.0" encoding="UTF-8"?>
<!-- Generated by org.testng.reporters.JUnitReportReporter -->
<testsuite hostname="DESKTOP-B6NN9JJ" failures="0" tests="1" name="mandatoryHomeWork.mentorHomeWork.api.restfullBookingChaining.DeleteBooking_Restful_Booking" time="1.312" errors="0" timestamp="2023-08-18T15:54:44 IST" skipped="0">
  <testcase classname="mandatoryHomeWork.mentorHomeWork.api.restfullBookingChaining.DeleteBooking_Restful_Booking" name="deleteBooking" time="1.312"/>
</testsuite> <!-- mandatoryHomeWork.mentorHomeWork.api.restfullBookingChaining.DeleteBooking_Restful_Booking -->
