<?xml version="1.0" encoding="UTF-8"?>
<!-- Generated by org.testng.reporters.JUnitReportReporter -->
<testsuite hostname="DESKTOP-B6NN9JJ" failures="0" tests="1" name="mandatoryHomeWork.selenium.Day2_CreateNewDashBoard" time="36.906" errors="0" timestamp="2023-08-18T03:42:17 IST" skipped="0">
  <testcase classname="mandatoryHomeWork.selenium.Day2_CreateNewDashBoard" name="createDashboard" time="36.906"/>
</testsuite> <!-- mandatoryHomeWork.selenium.Day2_CreateNewDashBoard -->
