<?xml version="1.0" encoding="UTF-8"?>
<!-- Generated by org.testng.reporters.JUnitReportReporter -->
<testsuite hostname="DESKTOP-B6NN9JJ" failures="0" tests="1" name="mandatoryHomeWork.selenium.Salesforce.TC001_CreateNewCase" time="27.991" errors="0" timestamp="2023-08-30T00:03:53 IST" skipped="0">
  <testcase classname="mandatoryHomeWork.selenium.Salesforce.TC001_CreateNewCase" name="tc001_CreateNewCase" time="27.991"/>
</testsuite> <!-- mandatoryHomeWork.selenium.Salesforce.TC001_CreateNewCase -->
