<?xml version="1.0" encoding="UTF-8"?>
<!-- Generated by org.testng.reporters.JUnitReportReporter -->
<testsuite hostname="DESKTOP-B6NN9JJ" failures="0" tests="1" name="mandatoryHomeWork.selenium.Salesforce.TC002_EditCase" time="64.672" errors="0" timestamp="2023-08-29T00:34:24 IST" skipped="0">
  <testcase classname="mandatoryHomeWork.selenium.Salesforce.TC002_EditCase" name="tc002_EditCase" time="64.672"/>
</testsuite> <!-- mandatoryHomeWork.selenium.Salesforce.TC002_EditCase -->
