<?xml version="1.0" encoding="UTF-8"?>
<!-- Generated by org.testng.reporters.JUnitReportReporter -->
<testsuite hostname="DESKTOP-B6NN9JJ" failures="0" tests="1" name="mandatoryHomeWork.restAPI.petStore.UserCreateWithArray" time="2.855" errors="0" timestamp="2023-08-18T00:40:04 IST" skipped="0">
  <testcase classname="mandatoryHomeWork.restAPI.petStore.UserCreateWithArray" name="createUserSwaggerPet" time="2.855"/>
</testsuite> <!-- mandatoryHomeWork.restAPI.petStore.UserCreateWithArray -->
